<?xml version="1.0" encoding="UTF-8"?>
<!-- Generated by org.testng.reporters.JUnitXMLReporter -->
<testsuite hostname="BLQA-L0246" name="Default test" tests="5" failures="0" timestamp="4 Aug 2019 12:03:37 GMT" time="48.384" errors="0">
  <testcase name="changeCurrency" time="6.655" classname="com.extentreports.basics.DemoExtentReport"/>
  <testcase name="navigateToCameraSection" time="4.635" classname="com.extentreports.basics.DemoExtentReport"/>
  <testcase name="noCommerceTitleTest" time="0.01" classname="com.extentreports.basics.DemoExtentReport"/>
  <testcase name="selectDesktop" time="4.584" classname="com.extentreports.basics.DemoExtentReport"/>
  <testcase name="verifyImage" time="1.247" classname="com.extentreports.basics.DemoExtentReport"/>
</testsuite> <!-- Default test -->
