<?xml version="1.0" encoding="UTF-8"?>
<!-- Generated by org.testng.reporters.JUnitXMLReporter -->
<testsuite hostname="BLQA-L0246" name="Default test" tests="5" failures="0" timestamp="31 Jul 2019 17:28:55 GMT" time="47.555" errors="0">
  <testcase name="changeCurrency" time="5.103" classname="com.extentreports.basics.DemoExtentReport"/>
  <testcase name="navigateToCameraSection" time="4.539" classname="com.extentreports.basics.DemoExtentReport"/>
  <testcase name="noCommerceTitleTest" time="0.008" classname="com.extentreports.basics.DemoExtentReport"/>
  <testcase name="selectDesktop" time="4.955" classname="com.extentreports.basics.DemoExtentReport"/>
  <testcase name="verifyImage" time="0.98" classname="com.extentreports.basics.DemoExtentReport"/>
</testsuite> <!-- Default test -->
