<?xml version="1.0" encoding="UTF-8"?>
<!-- Generated by org.testng.reporters.JUnitXMLReporter -->
<testsuite hostname="BLQA-L0246" ignored="0" name="Test" tests="5" failures="0" timestamp="20 Aug 2019 20:06:32 GMT" time="57.452" errors="0">
  <testcase name="changeCurrency" time="5.6" classname="com.extentreports.basics.DemoExtentReport"/>
  <testcase name="navigateToCameraSection" time="3.328" classname="com.extentreports.basics.DemoExtentReport"/>
  <testcase name="noCommerceTitleTest" time="0.055" classname="com.extentreports.basics.DemoExtentReport"/>
  <testcase name="selectDesktop" time="4.217" classname="com.extentreports.basics.DemoExtentReport"/>
  <testcase name="verifyImage" time="2.283" classname="com.extentreports.basics.DemoExtentReport"/>
</testsuite> <!-- Test -->
