<?xml version="1.0" encoding="UTF-8"?>
<!-- Generated by org.testng.reporters.JUnitXMLReporter -->
<testsuite hostname="BLQA-L0246" ignored="0" name="Test" tests="5" failures="0" timestamp="31 Jul 2019 17:31:29 GMT" time="51.322" errors="0">
  <testcase name="changeCurrency" time="5.936" classname="com.extentreports.basics.DemoExtentReport"/>
  <testcase name="navigateToCameraSection" time="5.039" classname="com.extentreports.basics.DemoExtentReport"/>
  <testcase name="noCommerceTitleTest" time="0.028" classname="com.extentreports.basics.DemoExtentReport"/>
  <testcase name="selectDesktop" time="5.221" classname="com.extentreports.basics.DemoExtentReport"/>
  <testcase name="verifyImage" time="1.428" classname="com.extentreports.basics.DemoExtentReport"/>
</testsuite> <!-- Test -->
