<?xml version="1.0" encoding="UTF-8"?>
<testng-results skipped="0" failed="0" ignored="0" total="5" passed="5">
  <reporter-output>
  </reporter-output>
  <suite name="Suite" duration-ms="51322" started-at="2019-07-31T17:30:37Z" finished-at="2019-07-31T17:31:29Z">
    <groups>
    </groups>
    <test name="Test" duration-ms="51322" started-at="2019-07-31T17:30:37Z" finished-at="2019-07-31T17:31:29Z">
      <class name="com.extentreports.basics.DemoExtentReport">
        <test-method status="PASS" signature="initializationExtentReports()[pri:0, instance:com.extentreports.basics.DemoExtentReport@34ce8af7]" name="initializationExtentReports" is-config="true" duration-ms="219" started-at="2019-07-31T23:00:37Z" finished-at="2019-07-31T23:00:38Z">
          <reporter-output>
          </reporter-output>
        </test-method> <!-- initializationExtentReports -->
        <test-method status="PASS" signature="preSetup()[pri:0, instance:com.extentreports.basics.DemoExtentReport@34ce8af7]" name="preSetup" is-config="true" duration-ms="6537" started-at="2019-07-31T23:00:38Z" finished-at="2019-07-31T23:00:44Z">
          <reporter-output>
          </reporter-output>
        </test-method> <!-- preSetup -->
        <test-method status="PASS" signature="changeCurrency()[pri:0, instance:com.extentreports.basics.DemoExtentReport@34ce8af7]" name="changeCurrency" duration-ms="5936" started-at="2019-07-31T23:00:44Z" finished-at="2019-07-31T23:00:50Z">
          <reporter-output>
          </reporter-output>
        </test-method> <!-- changeCurrency -->
        <test-method status="PASS" signature="afterExecution(org.testng.ITestResult)[pri:0, instance:com.extentreports.basics.DemoExtentReport@34ce8af7]" name="afterExecution" is-config="true" duration-ms="2384" started-at="2019-07-31T23:00:50Z" finished-at="2019-07-31T23:00:53Z">
          <params>
            <param index="0">
              <value>
                <![CDATA[[TestResult name=changeCurrency status=SUCCESS method=DemoExtentReport.changeCurrency()[pri:0, instance:com.extentreports.basics.DemoExtentReport@34ce8af7] output={null}]]]>
              </value>
            </param>
          </params>
          <reporter-output>
          </reporter-output>
        </test-method> <!-- afterExecution -->
        <test-method status="PASS" signature="preSetup()[pri:0, instance:com.extentreports.basics.DemoExtentReport@34ce8af7]" name="preSetup" is-config="true" duration-ms="5443" started-at="2019-07-31T23:00:53Z" finished-at="2019-07-31T23:00:58Z">
          <reporter-output>
          </reporter-output>
        </test-method> <!-- preSetup -->
        <test-method status="PASS" signature="navigateToCameraSection()[pri:0, instance:com.extentreports.basics.DemoExtentReport@34ce8af7]" name="navigateToCameraSection" duration-ms="5039" started-at="2019-07-31T23:00:58Z" finished-at="2019-07-31T23:01:03Z">
          <reporter-output>
          </reporter-output>
        </test-method> <!-- navigateToCameraSection -->
        <test-method status="PASS" signature="afterExecution(org.testng.ITestResult)[pri:0, instance:com.extentreports.basics.DemoExtentReport@34ce8af7]" name="afterExecution" is-config="true" duration-ms="2333" started-at="2019-07-31T23:01:03Z" finished-at="2019-07-31T23:01:05Z">
          <params>
            <param index="0">
              <value>
                <![CDATA[[TestResult name=navigateToCameraSection status=SUCCESS method=DemoExtentReport.navigateToCameraSection()[pri:0, instance:com.extentreports.basics.DemoExtentReport@34ce8af7] output={null}]]]>
              </value>
            </param>
          </params>
          <reporter-output>
          </reporter-output>
        </test-method> <!-- afterExecution -->
        <test-method status="PASS" signature="preSetup()[pri:0, instance:com.extentreports.basics.DemoExtentReport@34ce8af7]" name="preSetup" is-config="true" duration-ms="5609" started-at="2019-07-31T23:01:05Z" finished-at="2019-07-31T23:01:11Z">
          <reporter-output>
          </reporter-output>
        </test-method> <!-- preSetup -->
        <test-method status="PASS" signature="noCommerceTitleTest()[pri:0, instance:com.extentreports.basics.DemoExtentReport@34ce8af7]" name="noCommerceTitleTest" duration-ms="28" started-at="2019-07-31T23:01:11Z" finished-at="2019-07-31T23:01:11Z">
          <reporter-output>
          </reporter-output>
        </test-method> <!-- noCommerceTitleTest -->
        <test-method status="PASS" signature="afterExecution(org.testng.ITestResult)[pri:0, instance:com.extentreports.basics.DemoExtentReport@34ce8af7]" name="afterExecution" is-config="true" duration-ms="114" started-at="2019-07-31T23:01:11Z" finished-at="2019-07-31T23:01:11Z">
          <params>
            <param index="0">
              <value>
                <![CDATA[[TestResult name=noCommerceTitleTest status=SUCCESS method=DemoExtentReport.noCommerceTitleTest()[pri:0, instance:com.extentreports.basics.DemoExtentReport@34ce8af7] output={null}]]]>
              </value>
            </param>
          </params>
          <reporter-output>
          </reporter-output>
        </test-method> <!-- afterExecution -->
        <test-method status="PASS" signature="preSetup()[pri:0, instance:com.extentreports.basics.DemoExtentReport@34ce8af7]" name="preSetup" is-config="true" duration-ms="5354" started-at="2019-07-31T23:01:11Z" finished-at="2019-07-31T23:01:16Z">
          <reporter-output>
          </reporter-output>
        </test-method> <!-- preSetup -->
        <test-method status="PASS" signature="selectDesktop()[pri:0, instance:com.extentreports.basics.DemoExtentReport@34ce8af7]" name="selectDesktop" duration-ms="5221" started-at="2019-07-31T23:01:16Z" finished-at="2019-07-31T23:01:22Z">
          <reporter-output>
          </reporter-output>
        </test-method> <!-- selectDesktop -->
        <test-method status="PASS" signature="afterExecution(org.testng.ITestResult)[pri:0, instance:com.extentreports.basics.DemoExtentReport@34ce8af7]" name="afterExecution" is-config="true" duration-ms="103" started-at="2019-07-31T23:01:22Z" finished-at="2019-07-31T23:01:22Z">
          <params>
            <param index="0">
              <value>
                <![CDATA[[TestResult name=selectDesktop status=SUCCESS method=DemoExtentReport.selectDesktop()[pri:0, instance:com.extentreports.basics.DemoExtentReport@34ce8af7] output={null}]]]>
              </value>
            </param>
          </params>
          <reporter-output>
          </reporter-output>
        </test-method> <!-- afterExecution -->
        <test-method status="PASS" signature="preSetup()[pri:0, instance:com.extentreports.basics.DemoExtentReport@34ce8af7]" name="preSetup" is-config="true" duration-ms="5082" started-at="2019-07-31T23:01:22Z" finished-at="2019-07-31T23:01:27Z">
          <reporter-output>
          </reporter-output>
        </test-method> <!-- preSetup -->
        <test-method status="PASS" signature="verifyImage()[pri:0, instance:com.extentreports.basics.DemoExtentReport@34ce8af7]" name="verifyImage" duration-ms="1428" started-at="2019-07-31T23:01:27Z" finished-at="2019-07-31T23:01:28Z">
          <reporter-output>
          </reporter-output>
        </test-method> <!-- verifyImage -->
        <test-method status="PASS" signature="afterExecution(org.testng.ITestResult)[pri:0, instance:com.extentreports.basics.DemoExtentReport@34ce8af7]" name="afterExecution" is-config="true" duration-ms="101" started-at="2019-07-31T23:01:28Z" finished-at="2019-07-31T23:01:28Z">
          <params>
            <param index="0">
              <value>
                <![CDATA[[TestResult name=verifyImage status=SUCCESS method=DemoExtentReport.verifyImage()[pri:0, instance:com.extentreports.basics.DemoExtentReport@34ce8af7] output={null}]]]>
              </value>
            </param>
          </params>
          <reporter-output>
          </reporter-output>
        </test-method> <!-- afterExecution -->
        <test-method status="PASS" signature="postCondition()[pri:0, instance:com.extentreports.basics.DemoExtentReport@34ce8af7]" name="postCondition" is-config="true" duration-ms="361" started-at="2019-07-31T23:01:28Z" finished-at="2019-07-31T23:01:29Z">
          <reporter-output>
          </reporter-output>
        </test-method> <!-- postCondition -->
      </class> <!-- com.extentreports.basics.DemoExtentReport -->
    </test> <!-- Test -->
  </suite> <!-- Suite -->
</testng-results>
