<?xml version="1.0" encoding="UTF-8"?>
<testng-results skipped="0" failed="0" total="5" passed="5">
  <reporter-output>
  </reporter-output>
  <suite name="Default suite" duration-ms="48384" started-at="2019-08-04T12:02:49Z" finished-at="2019-08-04T12:03:37Z">
    <groups>
    </groups>
    <test name="Default test" duration-ms="48384" started-at="2019-08-04T12:02:49Z" finished-at="2019-08-04T12:03:37Z">
      <class name="com.extentreports.basics.DemoExtentReport">
        <test-method status="PASS" signature="initializationExtentReports()[pri:0, instance:com.extentreports.basics.DemoExtentReport@4563e9ab]" name="initializationExtentReports" is-config="true" duration-ms="1156" started-at="2019-08-04T17:32:49Z" finished-at="2019-08-04T17:32:50Z">
          <reporter-output>
          </reporter-output>
        </test-method> <!-- initializationExtentReports -->
        <test-method status="PASS" signature="preSetup()[pri:0, instance:com.extentreports.basics.DemoExtentReport@4563e9ab]" name="preSetup" is-config="true" duration-ms="6305" started-at="2019-08-04T17:32:50Z" finished-at="2019-08-04T17:32:56Z">
          <reporter-output>
          </reporter-output>
        </test-method> <!-- preSetup -->
        <test-method status="PASS" signature="changeCurrency()[pri:0, instance:com.extentreports.basics.DemoExtentReport@4563e9ab]" name="changeCurrency" duration-ms="6655" started-at="2019-08-04T17:32:56Z" finished-at="2019-08-04T17:33:03Z">
          <reporter-output>
          </reporter-output>
        </test-method> <!-- changeCurrency -->
        <test-method status="PASS" signature="afterExecution(org.testng.ITestResult)[pri:0, instance:com.extentreports.basics.DemoExtentReport@4563e9ab]" name="afterExecution" is-config="true" duration-ms="196" started-at="2019-08-04T17:33:03Z" finished-at="2019-08-04T17:33:03Z">
          <params>
            <param index="0">
              <value>
                <![CDATA[[TestResult name=changeCurrency status=SUCCESS method=DemoExtentReport.changeCurrency()[pri:0, instance:com.extentreports.basics.DemoExtentReport@4563e9ab] output={null}]]]>
              </value>
            </param>
          </params>
          <reporter-output>
          </reporter-output>
        </test-method> <!-- afterExecution -->
        <test-method status="PASS" signature="preSetup()[pri:0, instance:com.extentreports.basics.DemoExtentReport@4563e9ab]" name="preSetup" is-config="true" duration-ms="5197" started-at="2019-08-04T17:33:03Z" finished-at="2019-08-04T17:33:08Z">
          <reporter-output>
          </reporter-output>
        </test-method> <!-- preSetup -->
        <test-method status="PASS" signature="navigateToCameraSection()[pri:0, instance:com.extentreports.basics.DemoExtentReport@4563e9ab]" name="navigateToCameraSection" duration-ms="4635" started-at="2019-08-04T17:33:08Z" finished-at="2019-08-04T17:33:13Z">
          <reporter-output>
          </reporter-output>
        </test-method> <!-- navigateToCameraSection -->
        <test-method status="PASS" signature="afterExecution(org.testng.ITestResult)[pri:0, instance:com.extentreports.basics.DemoExtentReport@4563e9ab]" name="afterExecution" is-config="true" duration-ms="2334" started-at="2019-08-04T17:33:13Z" finished-at="2019-08-04T17:33:15Z">
          <params>
            <param index="0">
              <value>
                <![CDATA[[TestResult name=navigateToCameraSection status=SUCCESS method=DemoExtentReport.navigateToCameraSection()[pri:0, instance:com.extentreports.basics.DemoExtentReport@4563e9ab] output={null}]]]>
              </value>
            </param>
          </params>
          <reporter-output>
          </reporter-output>
        </test-method> <!-- afterExecution -->
        <test-method status="PASS" signature="preSetup()[pri:0, instance:com.extentreports.basics.DemoExtentReport@4563e9ab]" name="preSetup" is-config="true" duration-ms="4731" started-at="2019-08-04T17:33:15Z" finished-at="2019-08-04T17:33:20Z">
          <reporter-output>
          </reporter-output>
        </test-method> <!-- preSetup -->
        <test-method status="PASS" signature="noCommerceTitleTest()[pri:0, instance:com.extentreports.basics.DemoExtentReport@4563e9ab]" name="noCommerceTitleTest" duration-ms="10" started-at="2019-08-04T17:33:20Z" finished-at="2019-08-04T17:33:20Z">
          <reporter-output>
          </reporter-output>
        </test-method> <!-- noCommerceTitleTest -->
        <test-method status="PASS" signature="afterExecution(org.testng.ITestResult)[pri:0, instance:com.extentreports.basics.DemoExtentReport@4563e9ab]" name="afterExecution" is-config="true" duration-ms="126" started-at="2019-08-04T17:33:20Z" finished-at="2019-08-04T17:33:20Z">
          <params>
            <param index="0">
              <value>
                <![CDATA[[TestResult name=noCommerceTitleTest status=SUCCESS method=DemoExtentReport.noCommerceTitleTest()[pri:0, instance:com.extentreports.basics.DemoExtentReport@4563e9ab] output={null}]]]>
              </value>
            </param>
          </params>
          <reporter-output>
          </reporter-output>
        </test-method> <!-- afterExecution -->
        <test-method status="PASS" signature="preSetup()[pri:0, instance:com.extentreports.basics.DemoExtentReport@4563e9ab]" name="preSetup" is-config="true" duration-ms="5107" started-at="2019-08-04T17:33:20Z" finished-at="2019-08-04T17:33:25Z">
          <reporter-output>
          </reporter-output>
        </test-method> <!-- preSetup -->
        <test-method status="PASS" signature="selectDesktop()[pri:0, instance:com.extentreports.basics.DemoExtentReport@4563e9ab]" name="selectDesktop" duration-ms="4584" started-at="2019-08-04T17:33:25Z" finished-at="2019-08-04T17:33:30Z">
          <reporter-output>
          </reporter-output>
        </test-method> <!-- selectDesktop -->
        <test-method status="PASS" signature="afterExecution(org.testng.ITestResult)[pri:0, instance:com.extentreports.basics.DemoExtentReport@4563e9ab]" name="afterExecution" is-config="true" duration-ms="113" started-at="2019-08-04T17:33:30Z" finished-at="2019-08-04T17:33:30Z">
          <params>
            <param index="0">
              <value>
                <![CDATA[[TestResult name=selectDesktop status=SUCCESS method=DemoExtentReport.selectDesktop()[pri:0, instance:com.extentreports.basics.DemoExtentReport@4563e9ab] output={null}]]]>
              </value>
            </param>
          </params>
          <reporter-output>
          </reporter-output>
        </test-method> <!-- afterExecution -->
        <test-method status="PASS" signature="preSetup()[pri:0, instance:com.extentreports.basics.DemoExtentReport@4563e9ab]" name="preSetup" is-config="true" duration-ms="5314" started-at="2019-08-04T17:33:30Z" finished-at="2019-08-04T17:33:35Z">
          <reporter-output>
          </reporter-output>
        </test-method> <!-- preSetup -->
        <test-method status="PASS" signature="verifyImage()[pri:0, instance:com.extentreports.basics.DemoExtentReport@4563e9ab]" name="verifyImage" duration-ms="1247" started-at="2019-08-04T17:33:35Z" finished-at="2019-08-04T17:33:36Z">
          <reporter-output>
          </reporter-output>
        </test-method> <!-- verifyImage -->
        <test-method status="PASS" signature="afterExecution(org.testng.ITestResult)[pri:0, instance:com.extentreports.basics.DemoExtentReport@4563e9ab]" name="afterExecution" is-config="true" duration-ms="135" started-at="2019-08-04T17:33:36Z" finished-at="2019-08-04T17:33:36Z">
          <params>
            <param index="0">
              <value>
                <![CDATA[[TestResult name=verifyImage status=SUCCESS method=DemoExtentReport.verifyImage()[pri:0, instance:com.extentreports.basics.DemoExtentReport@4563e9ab] output={null}]]]>
              </value>
            </param>
          </params>
          <reporter-output>
          </reporter-output>
        </test-method> <!-- afterExecution -->
        <test-method status="PASS" signature="postCondition()[pri:0, instance:com.extentreports.basics.DemoExtentReport@4563e9ab]" name="postCondition" is-config="true" duration-ms="519" started-at="2019-08-04T17:33:36Z" finished-at="2019-08-04T17:33:37Z">
          <reporter-output>
          </reporter-output>
        </test-method> <!-- postCondition -->
      </class> <!-- com.extentreports.basics.DemoExtentReport -->
    </test> <!-- Default test -->
  </suite> <!-- Default suite -->
</testng-results>
